[2018-12-29T16:36:14.708] [INFO] default - yo~~  fucker
[2018-12-29T16:36:14.717] [WARN] default - { box: 321 }
[2018-12-29T16:36:57.675] [INFO] 电影网站 - yo~~  fucker
[2018-12-29T16:36:57.679] [WARN] default - { box: 321 }
[2018-12-29T16:37:54.739] [INFO] 电影网站 - yo~~  fucker
[2018-12-29T16:37:54.741] [ERROR] default - { box: 321 }
[2018-12-29T16:39:44.796] [INFO] 电影网站 - yo~~  fucker
[2018-12-29T16:40:33.324] [INFO] 电影网站 - yo~~  fucker
[2018-12-29T16:40:33.326] [ERROR] default - { box: 321 }
[2018-12-29T16:41:05.900] [INFO] 电影网站 - yo~~  fucker
[2018-12-29T16:41:05.908] [ERROR] 请求电影报错 - { box: 321 }
[2018-12-29T16:41:54.323] [INFO] 电影网站 - yo~~  fucker
[2018-12-29T16:41:54.334] [ERROR] 请求电影报错 - { box: 321 }
[2018-12-29T16:52:40.046] [INFO] 电影网站 - yo~~  fucker
[2018-12-29T16:52:40.053] [ERROR] err - { box: 321 }
[2018-12-29T17:05:06.458] [INFO] 电影网站 - yo~~  fucker
[2018-12-29T17:11:04.281] [INFO] request - 3
[2018-12-29T17:12:35.753] [INFO] request - 3
[2018-12-29T17:12:35.763] [INFO] 电影网站 - yo~~  fucker
[2018-12-29T17:14:36.564] [INFO] request - 3
[2018-12-29T17:14:36.577] [INFO] 电影网站 - yo~~  fucker
[2018-12-29T17:15:28.170] [INFO] request - 4
[2018-12-29T17:15:28.183] [INFO] 电影网站 - yo~~  fucker
[2018-12-29T17:16:08.164] [INFO] request - 2
[2018-12-29T17:16:08.177] [INFO] 电影网站 - yo~~  fucker
[2018-12-29T17:18:46.744] [INFO] request - 3
[2018-12-29T17:18:46.755] [INFO] 电影网站 - yo~~  fucker
[2018-12-29T17:19:06.640] [INFO] request - { method: 'GET', url: '/', ms: 3 }
[2018-12-29T17:19:06.652] [INFO] 电影网站 - yo~~  fucker
[2018-12-29T17:19:32.480] [INFO] request - { method: 'GET', url: '/', ms: 3 }
[2018-12-29T17:19:32.494] [INFO] 电影网站 - yo~~  fucker
[2018-12-29T17:19:34.716] [INFO] request - { method: 'GET', url: '/', ms: 0 }
[2018-12-29T17:19:34.726] [INFO] 电影网站 - yo~~  fucker
[2018-12-29T17:19:36.922] [INFO] request - { method: 'GET', url: '/', ms: 0 }
[2018-12-29T17:19:36.926] [INFO] 电影网站 - yo~~  fucker
[2018-12-29T17:19:41.346] [INFO] request - { method: 'GET', url: '/', ms: 0 }
[2018-12-29T17:19:41.349] [INFO] 电影网站 - yo~~  fucker
[2018-12-29T17:20:27.887] [INFO] request - { method: 'GET', url: '/', ms: 3 }
[2018-12-29T17:20:27.896] [INFO] 电影网站 - yo~~  fucker
[2018-12-29T17:20:31.715] [INFO] request - { method: 'GET', url: '/', ms: 0 }
[2018-12-29T17:20:31.720] [INFO] 电影网站 - yo~~  fucker
[2018-12-29T17:21:53.818] [INFO] request - { method: 'GET', url: '/', ms: 4 }
[2018-12-29T17:21:53.829] [INFO] 电影网站 - yo~~  fucker
[2018-12-29T17:23:37.970] [INFO] 电影网站 - yo~~  fucker
[2018-12-29T17:24:28.651] [INFO] 电影网站 - yo~~  fucker
[2018-12-29T17:24:32.447] [INFO] 电影网站 - yo~~  fucker
[2018-12-29T17:25:54.195] [INFO] 电影网站 - yo~~  fucker
[2018-12-29T17:26:08.483] [INFO] 电影网站 - yo~~  fucker
[2018-12-29T17:28:54.011] [INFO] 电影网站 - yo~~  fucker
[2018-12-29T17:28:56.627] [INFO] 电影网站 - yo~~  fucker
[2018-12-29T17:28:59.019] [INFO] 电影网站 - yo~~  fucker
[2018-12-29T17:29:35.700] [INFO] 电影网站 - yo~~  fucker
[2018-12-29T17:31:25.140] [INFO] 电影网站 - yo~~  fucker
[2018-12-29T17:31:28.459] [INFO] 电影网站 - yo~~  fucker
[2018-12-29T17:31:30.211] [INFO] 电影网站 - yo~~  fucker
[2018-12-29T17:31:31.971] [INFO] 电影网站 - yo~~  fucker
[2018-12-29T17:33:45.956] [INFO] 电影网站 - yo~~  fucker
[2018-12-29T17:36:10.254] [INFO] 电影网站 - yo~~  fucker
[2018-12-29T17:36:27.908] [INFO] 电影网站 - yo~~  fucker
[2018-12-29T17:36:38.061] [INFO] 电影网站 - yo~~  fucker
[2018-12-29T17:39:28.572] [INFO] 电影网站 - yo~~  fucker
[2018-12-29T17:39:56.095] [INFO] 电影网站 - yo~~  fucker
[2018-12-29T17:41:24.781] [INFO] 电影网站 - yo~~  fucker
[2018-12-29T17:42:02.475] [INFO] 电影网站 - yo~~  fucker
[2018-12-29T17:42:07.315] [INFO] 电影网站 - yo~~  fucker
[2018-12-29T17:42:33.726] [INFO] 电影网站 - yo~~  fucker
[2018-12-29T17:43:22.189] [INFO] 电影网站 - yo~~  fucker
[2018-12-29T17:43:24.147] [INFO] 电影网站 - yo~~  fucker
[2018-12-29T17:43:25.131] [INFO] 电影网站 - yo~~  fucker
[2018-12-29T17:44:57.988] [INFO] 电影网站 - yo~~  fucker
[2018-12-29T17:45:30.240] [INFO] 电影网站 - yo~~  fucker
[2018-12-29T17:45:54.179] [INFO] 电影网站 - yo~~  fucker
[2018-12-29T17:46:04.860] [INFO] 电影网站 - yo~~  fucker
[2018-12-29T17:48:12.887] [INFO] 电影网站 - yo~~  fucker
[2018-12-29T17:48:24.076] [INFO] 这是我的名字 - rich
[2018-12-29T17:48:32.399] [INFO] 这是我的名字 - rich
[2018-12-29T17:48:49.757] [INFO] 这是我的名字 - rich
[2018-12-29T17:49:37.820] [INFO] 这是我的名字 - rich
[2018-12-29T17:49:39.237] [INFO] 这是我的名字 - rich
[2018-12-29T17:49:50.611] [INFO] 这是我的名字 - rich
[2018-12-29T17:49:59.740] [INFO] 这是我的名字 - rich
[2018-12-29T17:50:10.453] [INFO] 这是我的名字 - rich
