2019-06-20 09:12:56,697 INFO 26488 [egg-schedule]: register schedule E:\rich2019\DEMO\midway\midway\node_modules\egg-multipart\app\schedule\clean_tmpdir.js
2019-06-20 09:12:56,697 INFO 26488 [egg-schedule]: register schedule E:\rich2019\DEMO\midway\midway\node_modules\egg-logrotator\app\schedule\clean_log.js
2019-06-20 09:12:56,697 INFO 26488 [egg-schedule]: register schedule E:\rich2019\DEMO\midway\midway\node_modules\egg-logrotator\app\schedule\rotate_by_file.js
2019-06-20 09:12:58,499 INFO 32904 [egg-schedule]: register schedule E:\rich2019\DEMO\midway\midway\node_modules\egg-multipart\app\schedule\clean_tmpdir.js
2019-06-20 09:12:58,499 INFO 32904 [egg-schedule]: register schedule E:\rich2019\DEMO\midway\midway\node_modules\egg-logrotator\app\schedule\clean_log.js
2019-06-20 09:12:58,499 INFO 32904 [egg-schedule]: register schedule E:\rich2019\DEMO\midway\midway\node_modules\egg-logrotator\app\schedule\rotate_by_file.js
2019-06-20 09:13:08,026 INFO 34292 [egg-schedule]: register schedule E:\rich2019\DEMO\midway\midway\node_modules\egg-multipart\app\schedule\clean_tmpdir.js
2019-06-20 09:13:08,026 INFO 34292 [egg-schedule]: register schedule E:\rich2019\DEMO\midway\midway\node_modules\egg-logrotator\app\schedule\clean_log.js
2019-06-20 09:13:08,026 INFO 34292 [egg-schedule]: register schedule E:\rich2019\DEMO\midway\midway\node_modules\egg-logrotator\app\schedule\rotate_by_file.js
2019-06-20 09:13:17,645 INFO 37528 [egg-schedule]: register schedule E:\rich2019\DEMO\midway\midway\node_modules\egg-multipart\app\schedule\clean_tmpdir.js
2019-06-20 09:13:17,645 INFO 37528 [egg-schedule]: register schedule E:\rich2019\DEMO\midway\midway\node_modules\egg-logrotator\app\schedule\clean_log.js
2019-06-20 09:13:17,645 INFO 37528 [egg-schedule]: register schedule E:\rich2019\DEMO\midway\midway\node_modules\egg-logrotator\app\schedule\rotate_by_file.js
2019-06-20 09:15:25,958 INFO 27120 [egg-schedule]: register schedule E:\rich2019\DEMO\midway\midway\node_modules\egg-multipart\app\schedule\clean_tmpdir.js
2019-06-20 09:15:25,958 INFO 27120 [egg-schedule]: register schedule E:\rich2019\DEMO\midway\midway\node_modules\egg-logrotator\app\schedule\clean_log.js
2019-06-20 09:15:25,958 INFO 27120 [egg-schedule]: register schedule E:\rich2019\DEMO\midway\midway\node_modules\egg-logrotator\app\schedule\rotate_by_file.js
2019-06-20 09:15:27,685 INFO 36728 [egg-schedule]: register schedule E:\rich2019\DEMO\midway\midway\node_modules\egg-multipart\app\schedule\clean_tmpdir.js
2019-06-20 09:15:27,685 INFO 36728 [egg-schedule]: register schedule E:\rich2019\DEMO\midway\midway\node_modules\egg-logrotator\app\schedule\clean_log.js
2019-06-20 09:15:27,685 INFO 36728 [egg-schedule]: register schedule E:\rich2019\DEMO\midway\midway\node_modules\egg-logrotator\app\schedule\rotate_by_file.js
2019-06-20 09:16:17,495 INFO 29020 [egg-schedule]: register schedule E:\rich2019\DEMO\midway\midway\node_modules\egg-multipart\app\schedule\clean_tmpdir.js
2019-06-20 09:16:17,495 INFO 29020 [egg-schedule]: register schedule E:\rich2019\DEMO\midway\midway\node_modules\egg-logrotator\app\schedule\clean_log.js
2019-06-20 09:16:17,495 INFO 29020 [egg-schedule]: register schedule E:\rich2019\DEMO\midway\midway\node_modules\egg-logrotator\app\schedule\rotate_by_file.js
2019-06-20 09:19:51,738 INFO 35792 [egg-schedule]: register schedule E:\rich2019\DEMO\midway\midway\node_modules\egg-multipart\app\schedule\clean_tmpdir.js
2019-06-20 09:19:51,738 INFO 35792 [egg-schedule]: register schedule E:\rich2019\DEMO\midway\midway\node_modules\egg-logrotator\app\schedule\clean_log.js
2019-06-20 09:19:51,738 INFO 35792 [egg-schedule]: register schedule E:\rich2019\DEMO\midway\midway\node_modules\egg-logrotator\app\schedule\rotate_by_file.js
2019-06-20 09:20:09,946 INFO 19444 [egg-schedule]: register schedule E:\rich2019\DEMO\midway\midway\node_modules\egg-multipart\app\schedule\clean_tmpdir.js
2019-06-20 09:20:09,946 INFO 19444 [egg-schedule]: register schedule E:\rich2019\DEMO\midway\midway\node_modules\egg-logrotator\app\schedule\clean_log.js
2019-06-20 09:20:09,946 INFO 19444 [egg-schedule]: register schedule E:\rich2019\DEMO\midway\midway\node_modules\egg-logrotator\app\schedule\rotate_by_file.js
2019-06-20 09:21:02,060 INFO 33636 [egg-schedule]: register schedule E:\rich2019\DEMO\midway\midway\node_modules\egg-multipart\app\schedule\clean_tmpdir.js
2019-06-20 09:21:02,060 INFO 33636 [egg-schedule]: register schedule E:\rich2019\DEMO\midway\midway\node_modules\egg-logrotator\app\schedule\clean_log.js
2019-06-20 09:21:02,060 INFO 33636 [egg-schedule]: register schedule E:\rich2019\DEMO\midway\midway\node_modules\egg-logrotator\app\schedule\rotate_by_file.js
2019-06-20 09:22:18,306 INFO 35976 [egg-schedule]: register schedule E:\rich2019\DEMO\midway\midway\node_modules\egg-multipart\app\schedule\clean_tmpdir.js
2019-06-20 09:22:18,306 INFO 35976 [egg-schedule]: register schedule E:\rich2019\DEMO\midway\midway\node_modules\egg-logrotator\app\schedule\clean_log.js
2019-06-20 09:22:18,306 INFO 35976 [egg-schedule]: register schedule E:\rich2019\DEMO\midway\midway\node_modules\egg-logrotator\app\schedule\rotate_by_file.js
2019-06-20 09:24:54,190 INFO 34488 [egg-schedule]: register schedule E:\rich2019\DEMO\midway\midway\node_modules\egg-multipart\app\schedule\clean_tmpdir.js
2019-06-20 09:24:54,190 INFO 34488 [egg-schedule]: register schedule E:\rich2019\DEMO\midway\midway\node_modules\egg-logrotator\app\schedule\clean_log.js
2019-06-20 09:24:54,190 INFO 34488 [egg-schedule]: register schedule E:\rich2019\DEMO\midway\midway\node_modules\egg-logrotator\app\schedule\rotate_by_file.js
2019-06-20 09:25:07,492 INFO 26040 [egg-schedule]: register schedule E:\rich2019\DEMO\midway\midway\node_modules\egg-multipart\app\schedule\clean_tmpdir.js
2019-06-20 09:25:07,493 INFO 26040 [egg-schedule]: register schedule E:\rich2019\DEMO\midway\midway\node_modules\egg-logrotator\app\schedule\clean_log.js
2019-06-20 09:25:07,493 INFO 26040 [egg-schedule]: register schedule E:\rich2019\DEMO\midway\midway\node_modules\egg-logrotator\app\schedule\rotate_by_file.js
2019-06-20 09:26:32,204 INFO 37628 [egg-schedule]: register schedule E:\rich2019\DEMO\midway\midway\node_modules\egg-multipart\app\schedule\clean_tmpdir.js
2019-06-20 09:26:32,204 INFO 37628 [egg-schedule]: register schedule E:\rich2019\DEMO\midway\midway\node_modules\egg-logrotator\app\schedule\clean_log.js
2019-06-20 09:26:32,204 INFO 37628 [egg-schedule]: register schedule E:\rich2019\DEMO\midway\midway\node_modules\egg-logrotator\app\schedule\rotate_by_file.js
2019-06-20 09:27:04,000 INFO 35792 [egg-schedule]: register schedule E:\rich2019\DEMO\midway\midway\node_modules\egg-multipart\app\schedule\clean_tmpdir.js
2019-06-20 09:27:04,000 INFO 35792 [egg-schedule]: register schedule E:\rich2019\DEMO\midway\midway\node_modules\egg-logrotator\app\schedule\clean_log.js
2019-06-20 09:27:04,000 INFO 35792 [egg-schedule]: register schedule E:\rich2019\DEMO\midway\midway\node_modules\egg-logrotator\app\schedule\rotate_by_file.js
2019-06-20 09:27:30,102 INFO 34304 [egg-schedule]: register schedule E:\rich2019\DEMO\midway\midway\node_modules\egg-multipart\app\schedule\clean_tmpdir.js
2019-06-20 09:27:30,102 INFO 34304 [egg-schedule]: register schedule E:\rich2019\DEMO\midway\midway\node_modules\egg-logrotator\app\schedule\clean_log.js
2019-06-20 09:27:30,102 INFO 34304 [egg-schedule]: register schedule E:\rich2019\DEMO\midway\midway\node_modules\egg-logrotator\app\schedule\rotate_by_file.js
2019-06-20 09:27:31,778 INFO 35112 [egg-schedule]: register schedule E:\rich2019\DEMO\midway\midway\node_modules\egg-multipart\app\schedule\clean_tmpdir.js
2019-06-20 09:27:31,778 INFO 35112 [egg-schedule]: register schedule E:\rich2019\DEMO\midway\midway\node_modules\egg-logrotator\app\schedule\clean_log.js
2019-06-20 09:27:31,778 INFO 35112 [egg-schedule]: register schedule E:\rich2019\DEMO\midway\midway\node_modules\egg-logrotator\app\schedule\rotate_by_file.js
2019-06-20 09:31:03,320 INFO 28740 [egg-schedule]: register schedule E:\rich2019\DEMO\midway\midway\node_modules\egg-multipart\app\schedule\clean_tmpdir.js
2019-06-20 09:31:03,320 INFO 28740 [egg-schedule]: register schedule E:\rich2019\DEMO\midway\midway\node_modules\egg-logrotator\app\schedule\clean_log.js
2019-06-20 09:31:03,320 INFO 28740 [egg-schedule]: register schedule E:\rich2019\DEMO\midway\midway\node_modules\egg-logrotator\app\schedule\rotate_by_file.js
2019-06-20 09:31:15,238 INFO 16972 [egg-schedule]: register schedule E:\rich2019\DEMO\midway\midway\node_modules\egg-multipart\app\schedule\clean_tmpdir.js
2019-06-20 09:31:15,238 INFO 16972 [egg-schedule]: register schedule E:\rich2019\DEMO\midway\midway\node_modules\egg-logrotator\app\schedule\clean_log.js
2019-06-20 09:31:15,238 INFO 16972 [egg-schedule]: register schedule E:\rich2019\DEMO\midway\midway\node_modules\egg-logrotator\app\schedule\rotate_by_file.js
2019-06-20 09:32:43,788 INFO 35780 [egg-schedule]: register schedule E:\rich2019\DEMO\midway\midway\node_modules\egg-multipart\app\schedule\clean_tmpdir.js
2019-06-20 09:32:43,788 INFO 35780 [egg-schedule]: register schedule E:\rich2019\DEMO\midway\midway\node_modules\egg-logrotator\app\schedule\clean_log.js
2019-06-20 09:32:43,788 INFO 35780 [egg-schedule]: register schedule E:\rich2019\DEMO\midway\midway\node_modules\egg-logrotator\app\schedule\rotate_by_file.js
2019-06-20 09:42:20,997 INFO 34892 [egg-schedule]: register schedule E:\rich2019\DEMO\midway\midway\node_modules\egg-multipart\app\schedule\clean_tmpdir.js
2019-06-20 09:42:20,997 INFO 34892 [egg-schedule]: register schedule E:\rich2019\DEMO\midway\midway\node_modules\egg-logrotator\app\schedule\clean_log.js
2019-06-20 09:42:20,997 INFO 34892 [egg-schedule]: register schedule E:\rich2019\DEMO\midway\midway\node_modules\egg-logrotator\app\schedule\rotate_by_file.js
2019-06-20 11:03:07,038 INFO 5484 [egg-schedule]: register schedule E:\rich2019\DEMO\midway\midway\node_modules\egg-multipart\app\schedule\clean_tmpdir.js
2019-06-20 11:03:07,038 INFO 5484 [egg-schedule]: register schedule E:\rich2019\DEMO\midway\midway\node_modules\egg-logrotator\app\schedule\clean_log.js
2019-06-20 11:03:07,038 INFO 5484 [egg-schedule]: register schedule E:\rich2019\DEMO\midway\midway\node_modules\egg-logrotator\app\schedule\rotate_by_file.js
2019-06-20 11:16:03,172 INFO 32044 [egg-schedule]: register schedule E:\rich2019\DEMO\midway\midway\node_modules\egg-multipart\app\schedule\clean_tmpdir.js
2019-06-20 11:16:03,172 INFO 32044 [egg-schedule]: register schedule E:\rich2019\DEMO\midway\midway\node_modules\egg-logrotator\app\schedule\clean_log.js
2019-06-20 11:16:03,172 INFO 32044 [egg-schedule]: register schedule E:\rich2019\DEMO\midway\midway\node_modules\egg-logrotator\app\schedule\rotate_by_file.js
2019-06-20 11:16:09,307 INFO 1608 [egg-schedule]: register schedule E:\rich2019\DEMO\midway\midway\node_modules\egg-multipart\app\schedule\clean_tmpdir.js
2019-06-20 11:16:09,307 INFO 1608 [egg-schedule]: register schedule E:\rich2019\DEMO\midway\midway\node_modules\egg-logrotator\app\schedule\clean_log.js
2019-06-20 11:16:09,307 INFO 1608 [egg-schedule]: register schedule E:\rich2019\DEMO\midway\midway\node_modules\egg-logrotator\app\schedule\rotate_by_file.js
2019-06-20 11:17:07,214 INFO 33264 [egg-schedule]: register schedule E:\rich2019\DEMO\midway\midway\node_modules\egg-multipart\app\schedule\clean_tmpdir.js
2019-06-20 11:17:07,214 INFO 33264 [egg-schedule]: register schedule E:\rich2019\DEMO\midway\midway\node_modules\egg-logrotator\app\schedule\clean_log.js
2019-06-20 11:17:07,214 INFO 33264 [egg-schedule]: register schedule E:\rich2019\DEMO\midway\midway\node_modules\egg-logrotator\app\schedule\rotate_by_file.js
2019-06-20 11:17:26,333 INFO 7776 [egg-schedule]: register schedule E:\rich2019\DEMO\midway\midway\node_modules\egg-multipart\app\schedule\clean_tmpdir.js
2019-06-20 11:17:26,333 INFO 7776 [egg-schedule]: register schedule E:\rich2019\DEMO\midway\midway\node_modules\egg-logrotator\app\schedule\clean_log.js
2019-06-20 11:17:26,333 INFO 7776 [egg-schedule]: register schedule E:\rich2019\DEMO\midway\midway\node_modules\egg-logrotator\app\schedule\rotate_by_file.js
2019-06-20 11:18:51,864 INFO 36104 [egg-schedule]: register schedule E:\rich2019\DEMO\midway\midway\node_modules\egg-multipart\app\schedule\clean_tmpdir.js
2019-06-20 11:18:51,864 INFO 36104 [egg-schedule]: register schedule E:\rich2019\DEMO\midway\midway\node_modules\egg-logrotator\app\schedule\clean_log.js
2019-06-20 11:18:51,864 INFO 36104 [egg-schedule]: register schedule E:\rich2019\DEMO\midway\midway\node_modules\egg-logrotator\app\schedule\rotate_by_file.js
2019-06-20 11:21:49,610 INFO 33568 [egg-schedule]: register schedule E:\rich2019\DEMO\midway\midway\node_modules\egg-multipart\app\schedule\clean_tmpdir.js
2019-06-20 11:21:49,610 INFO 33568 [egg-schedule]: register schedule E:\rich2019\DEMO\midway\midway\node_modules\egg-logrotator\app\schedule\clean_log.js
2019-06-20 11:21:49,610 INFO 33568 [egg-schedule]: register schedule E:\rich2019\DEMO\midway\midway\node_modules\egg-logrotator\app\schedule\rotate_by_file.js
2019-06-20 11:21:56,584 INFO 35048 [egg-schedule]: register schedule E:\rich2019\DEMO\midway\midway\node_modules\egg-multipart\app\schedule\clean_tmpdir.js
2019-06-20 11:21:56,584 INFO 35048 [egg-schedule]: register schedule E:\rich2019\DEMO\midway\midway\node_modules\egg-logrotator\app\schedule\clean_log.js
2019-06-20 11:21:56,584 INFO 35048 [egg-schedule]: register schedule E:\rich2019\DEMO\midway\midway\node_modules\egg-logrotator\app\schedule\rotate_by_file.js
2019-06-20 11:23:33,047 INFO 24248 [egg-schedule]: register schedule E:\rich2019\DEMO\midway\midway\node_modules\egg-multipart\app\schedule\clean_tmpdir.js
2019-06-20 11:23:33,047 INFO 24248 [egg-schedule]: register schedule E:\rich2019\DEMO\midway\midway\node_modules\egg-logrotator\app\schedule\clean_log.js
2019-06-20 11:23:33,047 INFO 24248 [egg-schedule]: register schedule E:\rich2019\DEMO\midway\midway\node_modules\egg-logrotator\app\schedule\rotate_by_file.js
2019-06-20 11:23:38,340 INFO 31228 [egg-schedule]: register schedule E:\rich2019\DEMO\midway\midway\node_modules\egg-multipart\app\schedule\clean_tmpdir.js
2019-06-20 11:23:38,340 INFO 31228 [egg-schedule]: register schedule E:\rich2019\DEMO\midway\midway\node_modules\egg-logrotator\app\schedule\clean_log.js
2019-06-20 11:23:38,340 INFO 31228 [egg-schedule]: register schedule E:\rich2019\DEMO\midway\midway\node_modules\egg-logrotator\app\schedule\rotate_by_file.js
2019-06-20 11:24:16,235 INFO 33780 [egg-schedule]: register schedule E:\rich2019\DEMO\midway\midway\node_modules\egg-multipart\app\schedule\clean_tmpdir.js
2019-06-20 11:24:16,235 INFO 33780 [egg-schedule]: register schedule E:\rich2019\DEMO\midway\midway\node_modules\egg-logrotator\app\schedule\clean_log.js
2019-06-20 11:24:16,235 INFO 33780 [egg-schedule]: register schedule E:\rich2019\DEMO\midway\midway\node_modules\egg-logrotator\app\schedule\rotate_by_file.js
2019-06-20 11:24:18,730 INFO 29428 [egg-schedule]: register schedule E:\rich2019\DEMO\midway\midway\node_modules\egg-multipart\app\schedule\clean_tmpdir.js
2019-06-20 11:24:18,730 INFO 29428 [egg-schedule]: register schedule E:\rich2019\DEMO\midway\midway\node_modules\egg-logrotator\app\schedule\clean_log.js
2019-06-20 11:24:18,730 INFO 29428 [egg-schedule]: register schedule E:\rich2019\DEMO\midway\midway\node_modules\egg-logrotator\app\schedule\rotate_by_file.js
2019-06-20 11:24:21,504 INFO 33204 [egg-schedule]: register schedule E:\rich2019\DEMO\midway\midway\node_modules\egg-multipart\app\schedule\clean_tmpdir.js
2019-06-20 11:24:21,504 INFO 33204 [egg-schedule]: register schedule E:\rich2019\DEMO\midway\midway\node_modules\egg-logrotator\app\schedule\clean_log.js
2019-06-20 11:24:21,504 INFO 33204 [egg-schedule]: register schedule E:\rich2019\DEMO\midway\midway\node_modules\egg-logrotator\app\schedule\rotate_by_file.js
2019-06-20 11:24:37,388 INFO 36500 [egg-schedule]: register schedule E:\rich2019\DEMO\midway\midway\node_modules\egg-multipart\app\schedule\clean_tmpdir.js
2019-06-20 11:24:37,388 INFO 36500 [egg-schedule]: register schedule E:\rich2019\DEMO\midway\midway\node_modules\egg-logrotator\app\schedule\clean_log.js
2019-06-20 11:24:37,388 INFO 36500 [egg-schedule]: register schedule E:\rich2019\DEMO\midway\midway\node_modules\egg-logrotator\app\schedule\rotate_by_file.js
2019-06-20 11:24:51,063 INFO 35012 [egg-schedule]: register schedule E:\rich2019\DEMO\midway\midway\node_modules\egg-multipart\app\schedule\clean_tmpdir.js
2019-06-20 11:24:51,063 INFO 35012 [egg-schedule]: register schedule E:\rich2019\DEMO\midway\midway\node_modules\egg-logrotator\app\schedule\clean_log.js
2019-06-20 11:24:51,063 INFO 35012 [egg-schedule]: register schedule E:\rich2019\DEMO\midway\midway\node_modules\egg-logrotator\app\schedule\rotate_by_file.js
2019-06-20 11:25:41,301 INFO 32928 [egg-schedule]: register schedule E:\rich2019\DEMO\midway\midway\node_modules\egg-multipart\app\schedule\clean_tmpdir.js
2019-06-20 11:25:41,301 INFO 32928 [egg-schedule]: register schedule E:\rich2019\DEMO\midway\midway\node_modules\egg-logrotator\app\schedule\clean_log.js
2019-06-20 11:25:41,301 INFO 32928 [egg-schedule]: register schedule E:\rich2019\DEMO\midway\midway\node_modules\egg-logrotator\app\schedule\rotate_by_file.js
2019-06-20 11:26:24,353 INFO 37860 [egg-schedule]: register schedule E:\rich2019\DEMO\midway\midway\node_modules\egg-multipart\app\schedule\clean_tmpdir.js
2019-06-20 11:26:24,353 INFO 37860 [egg-schedule]: register schedule E:\rich2019\DEMO\midway\midway\node_modules\egg-logrotator\app\schedule\clean_log.js
2019-06-20 11:26:24,353 INFO 37860 [egg-schedule]: register schedule E:\rich2019\DEMO\midway\midway\node_modules\egg-logrotator\app\schedule\rotate_by_file.js
2019-06-20 11:26:36,021 INFO 25840 [egg-schedule]: register schedule E:\rich2019\DEMO\midway\midway\node_modules\egg-multipart\app\schedule\clean_tmpdir.js
2019-06-20 11:26:36,021 INFO 25840 [egg-schedule]: register schedule E:\rich2019\DEMO\midway\midway\node_modules\egg-logrotator\app\schedule\clean_log.js
2019-06-20 11:26:36,021 INFO 25840 [egg-schedule]: register schedule E:\rich2019\DEMO\midway\midway\node_modules\egg-logrotator\app\schedule\rotate_by_file.js
2019-06-20 11:29:02,204 INFO 36368 [egg-schedule]: register schedule E:\rich2019\DEMO\midway\midway\node_modules\egg-multipart\app\schedule\clean_tmpdir.js
2019-06-20 11:29:02,204 INFO 36368 [egg-schedule]: register schedule E:\rich2019\DEMO\midway\midway\node_modules\egg-logrotator\app\schedule\clean_log.js
2019-06-20 11:29:02,204 INFO 36368 [egg-schedule]: register schedule E:\rich2019\DEMO\midway\midway\node_modules\egg-logrotator\app\schedule\rotate_by_file.js
2019-06-20 11:29:38,973 INFO 37772 [egg-schedule]: register schedule E:\rich2019\DEMO\midway\midway\node_modules\egg-multipart\app\schedule\clean_tmpdir.js
2019-06-20 11:29:38,973 INFO 37772 [egg-schedule]: register schedule E:\rich2019\DEMO\midway\midway\node_modules\egg-logrotator\app\schedule\clean_log.js
2019-06-20 11:29:38,973 INFO 37772 [egg-schedule]: register schedule E:\rich2019\DEMO\midway\midway\node_modules\egg-logrotator\app\schedule\rotate_by_file.js
2019-06-20 11:31:21,248 INFO 26628 [egg-schedule]: register schedule E:\rich2019\DEMO\midway\midway\node_modules\egg-multipart\app\schedule\clean_tmpdir.js
2019-06-20 11:31:21,248 INFO 26628 [egg-schedule]: register schedule E:\rich2019\DEMO\midway\midway\node_modules\egg-logrotator\app\schedule\clean_log.js
2019-06-20 11:31:21,248 INFO 26628 [egg-schedule]: register schedule E:\rich2019\DEMO\midway\midway\node_modules\egg-logrotator\app\schedule\rotate_by_file.js
2019-06-20 11:31:22,968 INFO 36308 [egg-schedule]: register schedule E:\rich2019\DEMO\midway\midway\node_modules\egg-multipart\app\schedule\clean_tmpdir.js
2019-06-20 11:31:22,968 INFO 36308 [egg-schedule]: register schedule E:\rich2019\DEMO\midway\midway\node_modules\egg-logrotator\app\schedule\clean_log.js
2019-06-20 11:31:22,968 INFO 36308 [egg-schedule]: register schedule E:\rich2019\DEMO\midway\midway\node_modules\egg-logrotator\app\schedule\rotate_by_file.js
2019-06-20 11:32:56,677 INFO 35048 [egg-schedule]: register schedule E:\rich2019\DEMO\midway\midway\node_modules\egg-multipart\app\schedule\clean_tmpdir.js
2019-06-20 11:32:56,677 INFO 35048 [egg-schedule]: register schedule E:\rich2019\DEMO\midway\midway\node_modules\egg-logrotator\app\schedule\clean_log.js
2019-06-20 11:32:56,677 INFO 35048 [egg-schedule]: register schedule E:\rich2019\DEMO\midway\midway\node_modules\egg-logrotator\app\schedule\rotate_by_file.js
2019-06-20 11:33:06,878 INFO 34568 [egg-schedule]: register schedule E:\rich2019\DEMO\midway\midway\node_modules\egg-multipart\app\schedule\clean_tmpdir.js
2019-06-20 11:33:06,878 INFO 34568 [egg-schedule]: register schedule E:\rich2019\DEMO\midway\midway\node_modules\egg-logrotator\app\schedule\clean_log.js
2019-06-20 11:33:06,878 INFO 34568 [egg-schedule]: register schedule E:\rich2019\DEMO\midway\midway\node_modules\egg-logrotator\app\schedule\rotate_by_file.js
2019-06-20 11:35:29,298 INFO 32956 [egg-schedule]: register schedule E:\rich2019\DEMO\midway\midway\node_modules\egg-multipart\app\schedule\clean_tmpdir.js
2019-06-20 11:35:29,298 INFO 32956 [egg-schedule]: register schedule E:\rich2019\DEMO\midway\midway\node_modules\egg-logrotator\app\schedule\clean_log.js
2019-06-20 11:35:29,298 INFO 32956 [egg-schedule]: register schedule E:\rich2019\DEMO\midway\midway\node_modules\egg-logrotator\app\schedule\rotate_by_file.js
2019-06-20 11:35:51,906 INFO 33696 [egg-schedule]: register schedule E:\rich2019\DEMO\midway\midway\node_modules\egg-multipart\app\schedule\clean_tmpdir.js
2019-06-20 11:35:51,906 INFO 33696 [egg-schedule]: register schedule E:\rich2019\DEMO\midway\midway\node_modules\egg-logrotator\app\schedule\clean_log.js
2019-06-20 11:35:51,906 INFO 33696 [egg-schedule]: register schedule E:\rich2019\DEMO\midway\midway\node_modules\egg-logrotator\app\schedule\rotate_by_file.js
2019-06-20 11:36:11,660 INFO 2032 [egg-schedule]: register schedule E:\rich2019\DEMO\midway\midway\node_modules\egg-multipart\app\schedule\clean_tmpdir.js
2019-06-20 11:36:11,660 INFO 2032 [egg-schedule]: register schedule E:\rich2019\DEMO\midway\midway\node_modules\egg-logrotator\app\schedule\clean_log.js
2019-06-20 11:36:11,660 INFO 2032 [egg-schedule]: register schedule E:\rich2019\DEMO\midway\midway\node_modules\egg-logrotator\app\schedule\rotate_by_file.js
2019-06-20 11:38:48,263 INFO 35464 [egg-schedule]: register schedule E:\rich2019\DEMO\midway\midway\node_modules\egg-multipart\app\schedule\clean_tmpdir.js
2019-06-20 11:38:48,263 INFO 35464 [egg-schedule]: register schedule E:\rich2019\DEMO\midway\midway\node_modules\egg-logrotator\app\schedule\clean_log.js
2019-06-20 11:38:48,263 INFO 35464 [egg-schedule]: register schedule E:\rich2019\DEMO\midway\midway\node_modules\egg-logrotator\app\schedule\rotate_by_file.js
2019-06-20 11:41:59,189 INFO 33788 [egg-schedule]: register schedule E:\rich2019\DEMO\midway\midway\node_modules\egg-multipart\app\schedule\clean_tmpdir.js
2019-06-20 11:41:59,189 INFO 33788 [egg-schedule]: register schedule E:\rich2019\DEMO\midway\midway\node_modules\egg-logrotator\app\schedule\clean_log.js
2019-06-20 11:41:59,189 INFO 33788 [egg-schedule]: register schedule E:\rich2019\DEMO\midway\midway\node_modules\egg-logrotator\app\schedule\rotate_by_file.js
2019-06-20 11:43:24,845 INFO 34520 [egg-schedule]: register schedule E:\rich2019\DEMO\midway\midway\node_modules\egg-multipart\app\schedule\clean_tmpdir.js
2019-06-20 11:43:24,845 INFO 34520 [egg-schedule]: register schedule E:\rich2019\DEMO\midway\midway\node_modules\egg-logrotator\app\schedule\clean_log.js
2019-06-20 11:43:24,845 INFO 34520 [egg-schedule]: register schedule E:\rich2019\DEMO\midway\midway\node_modules\egg-logrotator\app\schedule\rotate_by_file.js
2019-06-20 13:48:48,248 INFO 37032 [Timer] E:\rich2019\Study\Demo\midway\midway\node_modules\egg-multipart\app\schedule\clean_tmpdir.js next time will execute after 52871755ms at 2019-06-21 04:30:00.003
2019-06-20 13:48:48,249 INFO 37032 [Timer] E:\rich2019\Study\Demo\midway\midway\node_modules\egg-logrotator\app\schedule\clean_log.js next time will execute after 36671751ms at 2019-06-21 00:00:00.000
2019-06-20 13:48:48,249 INFO 37032 [Timer] E:\rich2019\Study\Demo\midway\midway\node_modules\egg-logrotator\app\schedule\rotate_by_file.js next time will execute after 36672751ms at 2019-06-21 00:00:01.000
2019-06-20 13:48:48,122 INFO 18280 [egg-schedule]: register schedule E:\rich2019\Study\Demo\midway\midway\node_modules\egg-multipart\app\schedule\clean_tmpdir.js
2019-06-20 13:48:48,122 INFO 18280 [egg-schedule]: register schedule E:\rich2019\Study\Demo\midway\midway\node_modules\egg-logrotator\app\schedule\clean_log.js
2019-06-20 13:48:48,122 INFO 18280 [egg-schedule]: register schedule E:\rich2019\Study\Demo\midway\midway\node_modules\egg-logrotator\app\schedule\rotate_by_file.js
2019-06-20 13:55:02,526 INFO 25528 [egg-schedule]: register schedule E:\rich2019\Study\Demo\midway\midway\node_modules\egg-multipart\app\schedule\clean_tmpdir.js
2019-06-20 13:55:02,526 INFO 25528 [egg-schedule]: register schedule E:\rich2019\Study\Demo\midway\midway\node_modules\egg-logrotator\app\schedule\clean_log.js
2019-06-20 13:55:02,526 INFO 25528 [egg-schedule]: register schedule E:\rich2019\Study\Demo\midway\midway\node_modules\egg-logrotator\app\schedule\rotate_by_file.js
2019-06-20 13:55:11,258 INFO 33800 [egg-schedule]: register schedule E:\rich2019\Study\Demo\midway\midway\node_modules\egg-multipart\app\schedule\clean_tmpdir.js
2019-06-20 13:55:11,258 INFO 33800 [egg-schedule]: register schedule E:\rich2019\Study\Demo\midway\midway\node_modules\egg-logrotator\app\schedule\clean_log.js
2019-06-20 13:55:11,258 INFO 33800 [egg-schedule]: register schedule E:\rich2019\Study\Demo\midway\midway\node_modules\egg-logrotator\app\schedule\rotate_by_file.js
2019-06-20 14:08:45,256 INFO 16208 [egg-schedule]: register schedule E:\rich2019\Study\Demo\midway\midway\node_modules\egg-multipart\app\schedule\clean_tmpdir.js
2019-06-20 14:08:45,256 INFO 16208 [egg-schedule]: register schedule E:\rich2019\Study\Demo\midway\midway\node_modules\egg-logrotator\app\schedule\clean_log.js
2019-06-20 14:08:45,256 INFO 16208 [egg-schedule]: register schedule E:\rich2019\Study\Demo\midway\midway\node_modules\egg-logrotator\app\schedule\rotate_by_file.js
2019-06-21 09:57:56,771 INFO 15156 [Timer] E:\rich2019\Study\Demo\midway\midway\node_modules\egg-multipart\app\schedule\clean_tmpdir.js next time will execute after 66723233ms at 2019-06-22 04:30:00.004
2019-06-21 09:57:56,771 INFO 15156 [Timer] E:\rich2019\Study\Demo\midway\midway\node_modules\egg-logrotator\app\schedule\clean_log.js next time will execute after 50523229ms at 2019-06-22 00:00:00.000
2019-06-21 09:57:56,771 INFO 15156 [Timer] E:\rich2019\Study\Demo\midway\midway\node_modules\egg-logrotator\app\schedule\rotate_by_file.js next time will execute after 50524229ms at 2019-06-22 00:00:01.000
2019-06-21 09:57:56,636 INFO 15260 [egg-schedule]: register schedule E:\rich2019\Study\Demo\midway\midway\node_modules\egg-multipart\app\schedule\clean_tmpdir.js
2019-06-21 09:57:56,636 INFO 15260 [egg-schedule]: register schedule E:\rich2019\Study\Demo\midway\midway\node_modules\egg-logrotator\app\schedule\clean_log.js
2019-06-21 09:57:56,636 INFO 15260 [egg-schedule]: register schedule E:\rich2019\Study\Demo\midway\midway\node_modules\egg-logrotator\app\schedule\rotate_by_file.js
2019-06-21 09:59:56,618 INFO 15032 [Timer] E:\rich2019\Study\Demo\midway\midway\node_modules\egg-multipart\app\schedule\clean_tmpdir.js next time will execute after 66603386ms at 2019-06-22 04:30:00.004
2019-06-21 09:59:56,618 INFO 15032 [Timer] E:\rich2019\Study\Demo\midway\midway\node_modules\egg-logrotator\app\schedule\clean_log.js next time will execute after 50403382ms at 2019-06-22 00:00:00.000
2019-06-21 09:59:56,619 INFO 15032 [Timer] E:\rich2019\Study\Demo\midway\midway\node_modules\egg-logrotator\app\schedule\rotate_by_file.js next time will execute after 50404382ms at 2019-06-22 00:00:01.001
2019-06-21 09:59:56,506 INFO 1604 [egg-schedule]: register schedule E:\rich2019\Study\Demo\midway\midway\node_modules\egg-multipart\app\schedule\clean_tmpdir.js
2019-06-21 09:59:56,506 INFO 1604 [egg-schedule]: register schedule E:\rich2019\Study\Demo\midway\midway\node_modules\egg-logrotator\app\schedule\clean_log.js
2019-06-21 09:59:56,506 INFO 1604 [egg-schedule]: register schedule E:\rich2019\Study\Demo\midway\midway\node_modules\egg-logrotator\app\schedule\rotate_by_file.js
2019-06-21 10:17:09,620 INFO 14488 [Timer] E:\rich2019\Study\Demo\midway\midway\node_modules\egg-multipart\app\schedule\clean_tmpdir.js next time will execute after 65570383ms at 2019-06-22 04:30:00.003
2019-06-21 10:17:09,621 INFO 14488 [Timer] E:\rich2019\Study\Demo\midway\midway\node_modules\egg-logrotator\app\schedule\clean_log.js next time will execute after 49370380ms at 2019-06-22 00:00:00.001
2019-06-21 10:17:09,621 INFO 14488 [Timer] E:\rich2019\Study\Demo\midway\midway\node_modules\egg-logrotator\app\schedule\rotate_by_file.js next time will execute after 49371379ms at 2019-06-22 00:00:01.000
2019-06-21 10:17:09,511 INFO 10500 [egg-schedule]: register schedule E:\rich2019\Study\Demo\midway\midway\node_modules\egg-multipart\app\schedule\clean_tmpdir.js
2019-06-21 10:17:09,511 INFO 10500 [egg-schedule]: register schedule E:\rich2019\Study\Demo\midway\midway\node_modules\egg-logrotator\app\schedule\clean_log.js
2019-06-21 10:17:09,511 INFO 10500 [egg-schedule]: register schedule E:\rich2019\Study\Demo\midway\midway\node_modules\egg-logrotator\app\schedule\rotate_by_file.js
2019-06-21 10:30:30,328 INFO 16472 [egg-schedule]: register schedule E:\rich2019\Study\Demo\midway\midway\node_modules\egg-multipart\app\schedule\clean_tmpdir.js
2019-06-21 10:30:30,328 INFO 16472 [egg-schedule]: register schedule E:\rich2019\Study\Demo\midway\midway\node_modules\egg-logrotator\app\schedule\clean_log.js
2019-06-21 10:30:30,328 INFO 16472 [egg-schedule]: register schedule E:\rich2019\Study\Demo\midway\midway\node_modules\egg-logrotator\app\schedule\rotate_by_file.js
2019-06-24 09:49:13,329 INFO 17180 [Timer] E:\rich2019\Study\Demo\midway\midway\node_modules\egg-multipart\app\schedule\clean_tmpdir.js next time will execute after 67246676ms at 2019-06-25 04:30:00.005
2019-06-24 09:49:13,329 INFO 17180 [Timer] E:\rich2019\Study\Demo\midway\midway\node_modules\egg-logrotator\app\schedule\clean_log.js next time will execute after 51046671ms at 2019-06-25 00:00:00.000
2019-06-24 09:49:13,329 INFO 17180 [Timer] E:\rich2019\Study\Demo\midway\midway\node_modules\egg-logrotator\app\schedule\rotate_by_file.js next time will execute after 51047671ms at 2019-06-25 00:00:01.000
2019-06-24 09:49:13,178 INFO 16124 [egg-schedule]: register schedule E:\rich2019\Study\Demo\midway\midway\node_modules\egg-multipart\app\schedule\clean_tmpdir.js
2019-06-24 09:49:13,178 INFO 16124 [egg-schedule]: register schedule E:\rich2019\Study\Demo\midway\midway\node_modules\egg-logrotator\app\schedule\clean_log.js
2019-06-24 09:49:13,178 INFO 16124 [egg-schedule]: register schedule E:\rich2019\Study\Demo\midway\midway\node_modules\egg-logrotator\app\schedule\rotate_by_file.js
2019-06-24 10:03:53,597 INFO 13376 [egg-schedule]: register schedule E:\rich2019\Study\Demo\midway\midway\node_modules\egg-multipart\app\schedule\clean_tmpdir.js
2019-06-24 10:03:53,597 INFO 13376 [egg-schedule]: register schedule E:\rich2019\Study\Demo\midway\midway\node_modules\egg-logrotator\app\schedule\clean_log.js
2019-06-24 10:03:53,597 INFO 13376 [egg-schedule]: register schedule E:\rich2019\Study\Demo\midway\midway\node_modules\egg-logrotator\app\schedule\rotate_by_file.js
2019-06-24 10:09:57,711 INFO 8092 [egg-schedule]: register schedule E:\rich2019\Study\Demo\midway\midway\node_modules\egg-multipart\app\schedule\clean_tmpdir.js
2019-06-24 10:09:57,711 INFO 8092 [egg-schedule]: register schedule E:\rich2019\Study\Demo\midway\midway\node_modules\egg-logrotator\app\schedule\clean_log.js
2019-06-24 10:09:57,711 INFO 8092 [egg-schedule]: register schedule E:\rich2019\Study\Demo\midway\midway\node_modules\egg-logrotator\app\schedule\rotate_by_file.js
2019-06-24 10:10:02,509 INFO 10048 [egg-schedule]: register schedule E:\rich2019\Study\Demo\midway\midway\node_modules\egg-multipart\app\schedule\clean_tmpdir.js
2019-06-24 10:10:02,509 INFO 10048 [egg-schedule]: register schedule E:\rich2019\Study\Demo\midway\midway\node_modules\egg-logrotator\app\schedule\clean_log.js
2019-06-24 10:10:02,509 INFO 10048 [egg-schedule]: register schedule E:\rich2019\Study\Demo\midway\midway\node_modules\egg-logrotator\app\schedule\rotate_by_file.js
2019-06-24 10:10:28,081 INFO 18504 [egg-schedule]: register schedule E:\rich2019\Study\Demo\midway\midway\node_modules\egg-multipart\app\schedule\clean_tmpdir.js
2019-06-24 10:10:28,081 INFO 18504 [egg-schedule]: register schedule E:\rich2019\Study\Demo\midway\midway\node_modules\egg-logrotator\app\schedule\clean_log.js
2019-06-24 10:10:28,081 INFO 18504 [egg-schedule]: register schedule E:\rich2019\Study\Demo\midway\midway\node_modules\egg-logrotator\app\schedule\rotate_by_file.js
2019-06-24 10:10:29,988 INFO 2028 [egg-schedule]: register schedule E:\rich2019\Study\Demo\midway\midway\node_modules\egg-multipart\app\schedule\clean_tmpdir.js
2019-06-24 10:10:29,988 INFO 2028 [egg-schedule]: register schedule E:\rich2019\Study\Demo\midway\midway\node_modules\egg-logrotator\app\schedule\clean_log.js
2019-06-24 10:10:29,988 INFO 2028 [egg-schedule]: register schedule E:\rich2019\Study\Demo\midway\midway\node_modules\egg-logrotator\app\schedule\rotate_by_file.js
2019-06-24 10:10:34,600 INFO 6880 [egg-schedule]: register schedule E:\rich2019\Study\Demo\midway\midway\node_modules\egg-multipart\app\schedule\clean_tmpdir.js
2019-06-24 10:10:34,600 INFO 6880 [egg-schedule]: register schedule E:\rich2019\Study\Demo\midway\midway\node_modules\egg-logrotator\app\schedule\clean_log.js
2019-06-24 10:10:34,600 INFO 6880 [egg-schedule]: register schedule E:\rich2019\Study\Demo\midway\midway\node_modules\egg-logrotator\app\schedule\rotate_by_file.js
2019-06-24 10:11:00,043 INFO 11368 [egg-schedule]: register schedule E:\rich2019\Study\Demo\midway\midway\node_modules\egg-multipart\app\schedule\clean_tmpdir.js
2019-06-24 10:11:00,043 INFO 11368 [egg-schedule]: register schedule E:\rich2019\Study\Demo\midway\midway\node_modules\egg-logrotator\app\schedule\clean_log.js
2019-06-24 10:11:00,043 INFO 11368 [egg-schedule]: register schedule E:\rich2019\Study\Demo\midway\midway\node_modules\egg-logrotator\app\schedule\rotate_by_file.js
2019-06-24 10:11:01,849 INFO 9160 [egg-schedule]: register schedule E:\rich2019\Study\Demo\midway\midway\node_modules\egg-multipart\app\schedule\clean_tmpdir.js
2019-06-24 10:11:01,849 INFO 9160 [egg-schedule]: register schedule E:\rich2019\Study\Demo\midway\midway\node_modules\egg-logrotator\app\schedule\clean_log.js
2019-06-24 10:11:01,849 INFO 9160 [egg-schedule]: register schedule E:\rich2019\Study\Demo\midway\midway\node_modules\egg-logrotator\app\schedule\rotate_by_file.js
2019-06-24 10:45:36,750 INFO 19872 [egg-schedule]: register schedule E:\rich2019\Study\Demo\midway\midway\node_modules\egg-multipart\app\schedule\clean_tmpdir.js
2019-06-24 10:45:36,750 INFO 19872 [egg-schedule]: register schedule E:\rich2019\Study\Demo\midway\midway\node_modules\egg-logrotator\app\schedule\clean_log.js
2019-06-24 10:45:36,750 INFO 19872 [egg-schedule]: register schedule E:\rich2019\Study\Demo\midway\midway\node_modules\egg-logrotator\app\schedule\rotate_by_file.js
2019-06-24 10:45:53,350 INFO 17364 [egg-schedule]: register schedule E:\rich2019\Study\Demo\midway\midway\node_modules\egg-multipart\app\schedule\clean_tmpdir.js
2019-06-24 10:45:53,350 INFO 17364 [egg-schedule]: register schedule E:\rich2019\Study\Demo\midway\midway\node_modules\egg-logrotator\app\schedule\clean_log.js
2019-06-24 10:45:53,350 INFO 17364 [egg-schedule]: register schedule E:\rich2019\Study\Demo\midway\midway\node_modules\egg-logrotator\app\schedule\rotate_by_file.js
2019-06-24 10:59:31,697 INFO 15196 [egg-schedule]: register schedule E:\rich2019\Study\Demo\midway\midway\node_modules\egg-multipart\app\schedule\clean_tmpdir.js
2019-06-24 10:59:31,697 INFO 15196 [egg-schedule]: register schedule E:\rich2019\Study\Demo\midway\midway\node_modules\egg-logrotator\app\schedule\clean_log.js
2019-06-24 10:59:31,697 INFO 15196 [egg-schedule]: register schedule E:\rich2019\Study\Demo\midway\midway\node_modules\egg-logrotator\app\schedule\rotate_by_file.js
2019-06-24 10:59:47,786 INFO 1428 [egg-schedule]: register schedule E:\rich2019\Study\Demo\midway\midway\node_modules\egg-multipart\app\schedule\clean_tmpdir.js
2019-06-24 10:59:47,786 INFO 1428 [egg-schedule]: register schedule E:\rich2019\Study\Demo\midway\midway\node_modules\egg-logrotator\app\schedule\clean_log.js
2019-06-24 10:59:47,786 INFO 1428 [egg-schedule]: register schedule E:\rich2019\Study\Demo\midway\midway\node_modules\egg-logrotator\app\schedule\rotate_by_file.js
