[2018-12-29T16:41:54.324] [DEBUG] req - get
[2018-12-29T16:52:40.051] [DEBUG] req - get
[2018-12-29T17:05:06.460] [DEBUG] req - get
[2018-12-29T17:12:35.765] [DEBUG] req - get
[2018-12-29T17:14:36.578] [DEBUG] req - get
[2018-12-29T17:15:28.185] [DEBUG] req - get
[2018-12-29T17:16:08.178] [DEBUG] req - get
[2018-12-29T17:18:46.756] [DEBUG] req - get
[2018-12-29T17:19:06.660] [DEBUG] req - get
[2018-12-29T17:19:32.500] [DEBUG] req - get
[2018-12-29T17:19:34.728] [DEBUG] req - get
[2018-12-29T17:19:36.927] [DEBUG] req - get
[2018-12-29T17:19:41.354] [DEBUG] req - get
[2018-12-29T17:20:27.905] [DEBUG] req - get
[2018-12-29T17:20:31.721] [DEBUG] req - get
[2018-12-29T17:23:37.960] [DEBUG] req - { method: 'GET', url: '/', ms: 3 }
[2018-12-29T17:24:28.639] [DEBUG] req - { method: 'GET', url: '/', ms: 3 }
[2018-12-29T17:24:32.435] [DEBUG] req - { method: 'GET', url: '/', ms: 0 }
[2018-12-29T17:25:54.447] [DEBUG] req - { method: 'GET', url: '/', ms: 259 }
[2018-12-29T17:25:54.459] [DEBUG] req - { method: 'GET', url: '/css/reset.css', ms: 2 }
[2018-12-29T17:26:08.489] [DEBUG] req - { method: 'GET', url: '/', ms: 8 }
[2018-12-29T17:26:08.506] [DEBUG] req - { method: 'GET', url: '/css/reset.css', ms: 3 }
[2018-12-29T17:28:54.279] [DEBUG] req - { method: 'GET', url: '/', ms: 275 }
[2018-12-29T17:28:54.293] [DEBUG] req - { method: 'GET', url: '/css/reset.css', ms: 2 }
[2018-12-29T17:28:56.631] [DEBUG] req - { method: 'GET', url: '/', ms: 5 }
[2018-12-29T17:28:56.645] [DEBUG] req - { method: 'GET', url: '/css/reset.css', ms: 3 }
[2018-12-29T17:28:59.023] [DEBUG] req - { method: 'GET', url: '/', ms: 5 }
[2018-12-29T17:28:59.042] [DEBUG] req - { method: 'GET', url: '/css/reset.css', ms: 0 }
[2018-12-29T17:29:35.954] [DEBUG] req - { method: 'GET', url: '/', ms: 262 }
[2018-12-29T17:29:35.972] [DEBUG] req - { method: 'GET', url: '/css/reset.css', ms: 5 }
[2018-12-29T17:31:25.392] [DEBUG] req - { method: 'GET', url: '/', ms: 260 }
[2018-12-29T17:31:28.472] [DEBUG] req - { method: 'GET', url: '/', ms: 14 }
[2018-12-29T17:31:30.222] [DEBUG] req - { method: 'GET', url: '/', ms: 12 }
[2018-12-29T17:31:32.018] [DEBUG] req - { method: 'GET', url: '/', ms: 48 }
[2018-12-29T17:33:46.205] [DEBUG] req - { method: 'GET', url: '/', ms: 256 }
[2018-12-29T17:36:10.510] [DEBUG] req - { method: 'GET', url: '/', ms: 266, data: undefined }
[2018-12-29T17:36:28.152] [DEBUG] req - { method: 'GET', url: '/', ms: 251, data: {} }
[2018-12-29T17:36:38.069] [DEBUG] req - { method: 'GET', url: '/?a=123', ms: 10, data: { a: 123 } }
[2018-12-29T17:39:28.820] [DEBUG] req - { method: 'GET', url: '/?a=123', ms: 255, data: { a: 123 } }
[2018-12-29T17:39:56.342] [DEBUG] req - { method: 'GET', url: '/?a=123', ms: 255, data: { a: 123 } }
[2018-12-29T17:41:25.040] [DEBUG] req - { method: 'GET',
  url: '/?a=123',
  ms: 266,
  data: { a: 123 },
  res: {} }
[2018-12-29T17:42:02.479] [DEBUG] req - { method: 'GET', url: '/?a=123', ms: 5, data: { a: 123 }, res: {} }
[2018-12-29T17:42:07.321] [DEBUG] req - { method: 'GET', url: '/?a=123', ms: 6, data: { a: 123 }, res: {} }
[2018-12-29T17:42:33.731] [DEBUG] req - { method: 'GET',
  url: '/?a=123',
  ms: 12,
  data: { a: 123 },
  res: '{\n  "box": 1\n}' }
[2018-12-29T17:43:22.199] [DEBUG] req - { method: 'GET',
  url: '/?a=123',
  ms: 17,
  data: { a: 123 },
  res: '"{\\n  \\"box\\": 1\\n}"' }
[2018-12-29T17:43:24.149] [DEBUG] req - { method: 'GET',
  url: '/?a=123',
  ms: 3,
  data: { a: 123 },
  res: '"{\\n  \\"box\\": 1\\n}"' }
[2018-12-29T17:43:25.134] [DEBUG] req - { method: 'GET',
  url: '/?a=123',
  ms: 4,
  data: { a: 123 },
  res: '"{\\n  \\"box\\": 1\\n}"' }
[2018-12-29T17:44:57.993] [DEBUG] req - { method: 'GET',
  url: '/?a=123',
  ms: 12,
  data: { a: 123 },
  res: '1' }
[2018-12-29T17:45:30.246] [DEBUG] req - { method: 'GET',
  url: '/?a=123',
  ms: 18,
  data: { a: 123 },
  res: {} }
[2018-12-29T17:45:54.191] [DEBUG] req - { method: 'GET',
  url: '/?a=123',
  ms: 20,
  data: { a: 123 },
  res: {} }
[2018-12-29T17:46:04.874] [DEBUG] req - { method: 'GET',
  url: '/?a=123',
  ms: 20,
  data: { a: 123 },
  res: 'box' }
[2018-12-29T17:48:12.892] [DEBUG] req - { method: 'GET',
  url: '/?a=123',
  ms: 13,
  data: { a: 123 },
  res: 'box' }
[2018-12-29T17:48:24.081] [DEBUG] req - { method: 'GET',
  url: '/?a=123',
  ms: 11,
  data: { a: 123 },
  res: 'rich' }
[2018-12-29T17:48:32.402] [DEBUG] req - { method: 'GET',
  url: '/?a=123',
  ms: 4,
  data: { a: 123 },
  res: 'rich' }
[2018-12-29T17:48:49.768] [DEBUG] req - { method: 'GET',
  url: '/?a=123',
  ms: 18,
  data: { a: 123 },
  res: 'rich' }
[2018-12-29T17:49:37.833] [DEBUG] req - { method: 'GET' }
[2018-12-29T17:49:39.239] [DEBUG] req - { method: 'GET' }
[2018-12-29T17:49:50.615] [DEBUG] req - { method: 'GET', url: '/?a=123', ms: 11 }
[2018-12-29T17:49:59.744] [DEBUG] req - { method: 'GET',
  url: '/?a=123',
  ms: 11,
  data: { a: 123 },
  res: 'rich' }
[2018-12-29T17:50:10.456] [DEBUG] req - { method: 'GET', url: '/?a=123', ms: 11, data: { a: 123 } }
