Arguments: 
  D:\nodejs\node.exe C:\Program Files (x86)\Yarn\bin\yarn.js add lodash

PATH: 
  C:\Windows\system32;C:\Windows;C:\Windows\System32\Wbem;C:\Windows\System32\WindowsPowerShell\v1.0\;D:\git\bin;C:\Users\dell\.dnx\bin;C:\Program Files\Microsoft DNX\Dnvm\;C:\Program Files\Microsoft SQL Server\120\Tools\Binn\;C:\Program Files\Microsoft SQL Server\130\Tools\Binn\;D:\tool\svn\bin;C:\Program Files (x86)\Yarn\bin;C:\Program Files\PuTTY\;D:\nodejs\node_global;D:\nodejs\;C:\Program Files (x86)\NVIDIA Corporation\PhysX\Common;C:\Program Files\MySQL\MySQL Utilities 1.6\;D:\nodejs\node_global;D:\tool\vscode\Microsoft VS Code\bin;C:\Users\dell\AppData\Local\Yarn\.bin;C:\Users\dell\AppData\Local\Programs\Fiddler;C:\Users\dell\AppData\Roaming\npm;D:\nodejs\

Yarn version: 
  0.23.3

Node version: 
  8.5.0

Platform: 
  win32 x64

npm manifest: 
  {
    "name": "node",
    "version": "1.0.0",
    "description": "",
    "main": "index.js",
    "scripts": {
      "test": "echo \"Error: no test specified\" && exit 1"
    },
    "author": "",
    "license": "ISC"
  }

yarn manifest: 
  No manifest

Lockfile: 
  No lockfile

Trace: 
  Error: connect ETIMEDOUT 104.18.98.96:443
      at Object._errnoException (util.js:1026:11)
      at _exceptionWithHostPort (util.js:1049:20)
      at TCPConnectWrap.afterConnect [as oncomplete] (net.js:1174:14)
